=======>移动平均方法
ARIMA(0, 0, 0) MSE=1.049
ARIMA(0, 0, 1) MSE=1.073
ARIMA(0, 0, 2) MSE=1.043
ARIMA(0, 1, 0) MSE=1.785
ARIMA(0, 1, 1) MSE=0.921
ARIMA(0, 1, 2) MSE=0.929
ARIMA(0, 2, 0) MSE=5.543
ARIMA(0, 2, 1) MSE=1.789
ARIMA(0, 2, 2) MSE=0.925
ARIMA(1, 0, 0) MSE=1.118
ARIMA(1, 0, 1) MSE=0.913
ARIMA(1, 0, 2) MSE=0.920
ARIMA(1, 1, 0) MSE=1.249
ARIMA(1, 1, 1) MSE=0.921
ARIMA(1, 1, 2) MSE=0.930
ARIMA(1, 2, 0) MSE=2.908
ARIMA(2, 0, 0) MSE=1.047
ARIMA(2, 0, 1) MSE=0.908
ARIMA(2, 0, 2) MSE=0.923
ARIMA(2, 1, 0) MSE=1.060
ARIMA(2, 1, 1) MSE=0.936
ARIMA(2, 1, 2) MSE=0.940
ARIMA(2, 2, 0) MSE=2.030
ARIMA(4, 0, 0) MSE=0.950
ARIMA(4, 0, 1) MSE=0.927
ARIMA(4, 0, 2) MSE=0.958
ARIMA(4, 1, 0) MSE=0.963
ARIMA(4, 1, 1) MSE=0.943
ARIMA(4, 1, 2) MSE=0.983
ARIMA(4, 2, 0) MSE=1.517
ARIMA(4, 2, 1) MSE=0.966
ARIMA(6, 0, 0) MSE=0.926
ARIMA(6, 0, 1) MSE=0.927
ARIMA(6, 0, 2) MSE=0.919
ARIMA(6, 1, 0) MSE=0.967
ARIMA(6, 1, 1) MSE=0.952
ARIMA(6, 1, 2) MSE=0.974
ARIMA(6, 2, 0) MSE=1.259
ARIMA(6, 2, 1) MSE=1.071
ARIMA(6, 2, 2) MSE=0.958
ARIMA(8, 0, 0) MSE=0.943
ARIMA(8, 0, 1) MSE=0.941
ARIMA(8, 0, 2) MSE=0.940
ARIMA(8, 1, 0) MSE=0.997
ARIMA(8, 1, 1) MSE=0.998
ARIMA(8, 1, 2) MSE=0.980
ARIMA(8, 2, 0) MSE=1.196
ARIMA(8, 2, 1) MSE=1.000


=======>移动平均方法
ARIMA(3, 0, 0) MSE=0.975
ARIMA(3, 0, 1) MSE=0.918
ARIMA(3, 0, 2) MSE=0.935
ARIMA(3, 1, 0) MSE=1.003
ARIMA(3, 1, 1) MSE=0.946
ARIMA(3, 1, 2) MSE=0.944
ARIMA(3, 2, 0) MSE=1.761
ARIMA(3, 2, 1) MSE=1.006
ARIMA(5, 0, 0) MSE=0.928
ARIMA(5, 0, 1) MSE=0.927
ARIMA(5, 0, 2) MSE=0.950
ARIMA(5, 1, 0) MSE=0.954
ARIMA(5, 1, 1) MSE=0.955
ARIMA(5, 1, 2) MSE=0.962
ARIMA(5, 2, 0) MSE=1.429
ARIMA(5, 2, 1) MSE=0.958
ARIMA(5, 2, 2) MSE=0.966
ARIMA(7, 0, 0) MSE=0.949
ARIMA(7, 0, 1) MSE=0.949
ARIMA(7, 0, 2) MSE=0.938
ARIMA(7, 1, 0) MSE=0.967
ARIMA(7, 1, 1) MSE=0.970
ARIMA(7, 1, 2) MSE=0.969
ARIMA(7, 2, 0) MSE=1.269


Best ARIMA(3, 0, 1) MSE=0.918