==> Use accelerator:  cpu
==>当前使用的模型为：CNN_LSTM_T：30_D:7
==>加载数据中...
==>开始训练...
Epochs:0, Train Loss:0.81944,Test Loss:0.89812, Train_MSE:0.81944, Train_RMSE:0.90523, Train_MAE:0.73845,Test_MSE:0.89812, Test_RMSE:0.94769, Test_MAE:0.66832, Time:0:00:02 *
Epochs:50, Train Loss:0.76444,Test Loss:0.99562, Train_MSE:0.76444, Train_RMSE:0.87432, Train_MAE:0.68151,Test_MSE:0.99562, Test_RMSE:0.99781, Test_MAE:0.72023, Time:0:01:20 *
Epochs:100, Train Loss:0.75056,Test Loss:1.38813, Train_MSE:0.75056, Train_RMSE:0.86635, Train_MAE:0.61352,Test_MSE:1.38813, Test_RMSE:1.17819, Test_MAE:0.92293, Time:0:03:12 *
Epochs:150, Train Loss:0.74909,Test Loss:1.39557, Train_MSE:0.74909, Train_RMSE:0.86550, Train_MAE:0.61088,Test_MSE:1.39557, Test_RMSE:1.18134, Test_MAE:0.92627, Time:0:04:28 *
Epochs:200, Train Loss:0.74677,Test Loss:1.36756, Train_MSE:0.74677, Train_RMSE:0.86416, Train_MAE:0.61197,Test_MSE:1.36756, Test_RMSE:1.16943, Test_MAE:0.91295, Time:0:05:39 *
Epochs:250, Train Loss:0.74023,Test Loss:1.42386, Train_MSE:0.74023, Train_RMSE:0.86037, Train_MAE:0.60685,Test_MSE:1.42386, Test_RMSE:1.19326, Test_MAE:0.94079, Time:0:06:49 *
Epochs:300, Train Loss:0.71282,Test Loss:1.57389, Train_MSE:0.71282, Train_RMSE:0.84429, Train_MAE:0.59432,Test_MSE:1.57389, Test_RMSE:1.25455, Test_MAE:1.01761, Time:0:08:00 *
Epochs:350, Train Loss:0.65502,Test Loss:1.79424, Train_MSE:0.65502, Train_RMSE:0.80933, Train_MAE:0.57543,Test_MSE:1.79424, Test_RMSE:1.33949, Test_MAE:1.12283, Time:0:09:11 *
Epochs:400, Train Loss:0.62468,Test Loss:1.59416, Train_MSE:0.62468, Train_RMSE:0.79037, Train_MAE:0.55481,Test_MSE:1.59416, Test_RMSE:1.26260, Test_MAE:1.03234, Time:0:10:22 *
Epochs:450, Train Loss:0.56131,Test Loss:1.50503, Train_MSE:0.56131, Train_RMSE:0.74920, Train_MAE:0.52080,Test_MSE:1.50503, Test_RMSE:1.22680, Test_MAE:0.99002, Time:0:11:33 *
Epochs:500, Train Loss:0.54041,Test Loss:1.34618, Train_MSE:0.54041, Train_RMSE:0.73512, Train_MAE:0.51993,Test_MSE:1.34618, Test_RMSE:1.16025, Test_MAE:0.90987, Time:0:12:50 *
Epochs:550, Train Loss:0.52699,Test Loss:1.69330, Train_MSE:0.52699, Train_RMSE:0.72594, Train_MAE:0.50198,Test_MSE:1.69330, Test_RMSE:1.30127, Test_MAE:1.07438, Time:0:14:10 *
Epochs:600, Train Loss:0.54511,Test Loss:1.40956, Train_MSE:0.54511, Train_RMSE:0.73831, Train_MAE:0.50254,Test_MSE:1.40956, Test_RMSE:1.18725, Test_MAE:0.93848, Time:0:16:14
Epochs:650, Train Loss:0.45656,Test Loss:1.37498, Train_MSE:0.45656, Train_RMSE:0.67569, Train_MAE:0.46716,Test_MSE:1.37498, Test_RMSE:1.17260, Test_MAE:0.92030, Time:0:18:21 *
Epochs:700, Train Loss:0.41269,Test Loss:1.60324, Train_MSE:0.41269, Train_RMSE:0.64241, Train_MAE:0.43618,Test_MSE:1.60324, Test_RMSE:1.26619, Test_MAE:1.02360, Time:0:19:34 *
Epochs:750, Train Loss:0.45255,Test Loss:1.51879, Train_MSE:0.45255, Train_RMSE:0.67272, Train_MAE:0.45923,Test_MSE:1.51879, Test_RMSE:1.23239, Test_MAE:0.98168, Time:0:20:51
Epochs:800, Train Loss:0.37846,Test Loss:1.50633, Train_MSE:0.37846, Train_RMSE:0.61519, Train_MAE:0.42714,Test_MSE:1.50633, Test_RMSE:1.22733, Test_MAE:0.97017, Time:0:22:12 *
Epochs:850, Train Loss:0.47433,Test Loss:1.47713, Train_MSE:0.47433, Train_RMSE:0.68872, Train_MAE:0.45691,Test_MSE:1.47713, Test_RMSE:1.21537, Test_MAE:0.96155, Time:0:23:42
Epochs:900, Train Loss:0.34704,Test Loss:1.53039, Train_MSE:0.34704, Train_RMSE:0.58910, Train_MAE:0.38771,Test_MSE:1.53039, Test_RMSE:1.23709, Test_MAE:0.97383, Time:0:25:05 *
Epochs:950, Train Loss:0.32598,Test Loss:1.57560, Train_MSE:0.32598, Train_RMSE:0.57094, Train_MAE:0.37139,Test_MSE:1.57560, Test_RMSE:1.25523, Test_MAE:0.99219, Time:0:26:43 *
Epochs:1000, Train Loss:0.30448,Test Loss:1.53915, Train_MSE:0.30448, Train_RMSE:0.55180, Train_MAE:0.36006,Test_MSE:1.53915, Test_RMSE:1.24062, Test_MAE:0.97045, Time:0:28:17 *
Epochs:1050, Train Loss:0.30628,Test Loss:1.57542, Train_MSE:0.30628, Train_RMSE:0.55343, Train_MAE:0.36456,Test_MSE:1.57542, Test_RMSE:1.25516, Test_MAE:0.98789, Time:0:29:30
Epochs:1100, Train Loss:0.23278,Test Loss:1.61268, Train_MSE:0.23278, Train_RMSE:0.48247, Train_MAE:0.30679,Test_MSE:1.61268, Test_RMSE:1.26992, Test_MAE:1.00376, Time:0:31:01 *
Epochs:1150, Train Loss:0.21161,Test Loss:1.64615, Train_MSE:0.21161, Train_RMSE:0.46001, Train_MAE:0.28861,Test_MSE:1.64615, Test_RMSE:1.28302, Test_MAE:1.00444, Time:0:32:33 *
Epochs:1200, Train Loss:0.21006,Test Loss:1.60846, Train_MSE:0.21006, Train_RMSE:0.45833, Train_MAE:0.28432,Test_MSE:1.60846, Test_RMSE:1.26825, Test_MAE:0.98400, Time:0:33:57 *
Epochs:1250, Train Loss:0.20443,Test Loss:1.66011, Train_MSE:0.20443, Train_RMSE:0.45213, Train_MAE:0.29830,Test_MSE:1.66011, Test_RMSE:1.28845, Test_MAE:1.00498, Time:0:35:23 *
Epochs:1300, Train Loss:0.18266,Test Loss:1.63193, Train_MSE:0.18266, Train_RMSE:0.42739, Train_MAE:0.27996,Test_MSE:1.63193, Test_RMSE:1.27747, Test_MAE:0.99521, Time:0:36:49 *
Epochs:1350, Train Loss:0.14846,Test Loss:1.76306, Train_MSE:0.14846, Train_RMSE:0.38531, Train_MAE:0.24183,Test_MSE:1.76306, Test_RMSE:1.32780, Test_MAE:1.04382, Time:0:38:10 *
Epochs:1400, Train Loss:0.14836,Test Loss:1.76151, Train_MSE:0.14836, Train_RMSE:0.38518, Train_MAE:0.24132,Test_MSE:1.76151, Test_RMSE:1.32722, Test_MAE:1.04336, Time:0:40:10 *
Epochs:1450, Train Loss:0.11516,Test Loss:1.84372, Train_MSE:0.11516, Train_RMSE:0.33936, Train_MAE:0.21610,Test_MSE:1.84372, Test_RMSE:1.35784, Test_MAE:1.07655, Time:0:42:53 *
Epochs:1500, Train Loss:0.12146,Test Loss:1.81739, Train_MSE:0.12146, Train_RMSE:0.34851, Train_MAE:0.22868,Test_MSE:1.81738, Test_RMSE:1.34810, Test_MAE:1.06012, Time:0:45:01
Epochs:1550, Train Loss:0.09363,Test Loss:1.69652, Train_MSE:0.09363, Train_RMSE:0.30599, Train_MAE:0.21216,Test_MSE:1.69652, Test_RMSE:1.30251, Test_MAE:1.01309, Time:0:46:23 *
Epochs:1600, Train Loss:0.06739,Test Loss:1.73582, Train_MSE:0.06739, Train_RMSE:0.25960, Train_MAE:0.17558,Test_MSE:1.73582, Test_RMSE:1.31750, Test_MAE:1.02209, Time:0:48:15 *
Epochs:1650, Train Loss:0.05566,Test Loss:1.72389, Train_MSE:0.05566, Train_RMSE:0.23593, Train_MAE:0.16701,Test_MSE:1.72389, Test_RMSE:1.31297, Test_MAE:1.02090, Time:0:49:34 *
Epochs:1700, Train Loss:0.46817,Test Loss:2.19325, Train_MSE:0.46817, Train_RMSE:0.68423, Train_MAE:0.40355,Test_MSE:2.19325, Test_RMSE:1.48096, Test_MAE:1.20152, Time:0:51:01
Epochs:1750, Train Loss:0.03778,Test Loss:1.86418, Train_MSE:0.03778, Train_RMSE:0.19436, Train_MAE:0.14050,Test_MSE:1.86418, Test_RMSE:1.36535, Test_MAE:1.08284, Time:0:52:21 *
Epochs:1800, Train Loss:0.03163,Test Loss:1.85190, Train_MSE:0.03163, Train_RMSE:0.17785, Train_MAE:0.12574,Test_MSE:1.85190, Test_RMSE:1.36085, Test_MAE:1.07844, Time:0:54:29 *
Epochs:1850, Train Loss:0.13938,Test Loss:1.87601, Train_MSE:0.13938, Train_RMSE:0.37333, Train_MAE:0.21378,Test_MSE:1.87601, Test_RMSE:1.36968, Test_MAE:1.09851, Time:0:56:51
Epochs:1900, Train Loss:0.02765,Test Loss:1.89560, Train_MSE:0.02765, Train_RMSE:0.16628, Train_MAE:0.11875,Test_MSE:1.89560, Test_RMSE:1.37681, Test_MAE:1.08611, Time:0:59:27 *
Epochs:1950, Train Loss:0.02669,Test Loss:1.90254, Train_MSE:0.02669, Train_RMSE:0.16337, Train_MAE:0.11681,Test_MSE:1.90254, Test_RMSE:1.37932, Test_MAE:1.09343, Time:1:01:58 *
Epochs:2000, Train Loss:0.01603,Test Loss:1.91929, Train_MSE:0.01603, Train_RMSE:0.12659, Train_MAE:0.08898,Test_MSE:1.91929, Test_RMSE:1.38539, Test_MAE:1.09301, Time:1:04:43 *
Epochs:2050, Train Loss:0.01874,Test Loss:1.95293, Train_MSE:0.01874, Train_RMSE:0.13691, Train_MAE:0.09027,Test_MSE:1.95293, Test_RMSE:1.39747, Test_MAE:1.11391, Time:1:06:05
Epochs:2100, Train Loss:0.01712,Test Loss:1.92368, Train_MSE:0.01712, Train_RMSE:0.13084, Train_MAE:0.09355,Test_MSE:1.92368, Test_RMSE:1.38697, Test_MAE:1.09803, Time:1:07:20
Epochs:2150, Train Loss:0.01652,Test Loss:1.95866, Train_MSE:0.01652, Train_RMSE:0.12853, Train_MAE:0.08397,Test_MSE:1.95866, Test_RMSE:1.39952, Test_MAE:1.11849, Time:1:08:34
Epochs:2200, Train Loss:0.27707,Test Loss:1.70293, Train_MSE:0.27707, Train_RMSE:0.52638, Train_MAE:0.31596,Test_MSE:1.70293, Test_RMSE:1.30497, Test_MAE:1.01951, Time:1:09:47
Epochs:2250, Train Loss:0.01444,Test Loss:1.88575, Train_MSE:0.01444, Train_RMSE:0.12017, Train_MAE:0.08187,Test_MSE:1.88575, Test_RMSE:1.37323, Test_MAE:1.10054, Time:1:11:12 *
Epochs:2300, Train Loss:0.01408,Test Loss:1.87817, Train_MSE:0.01408, Train_RMSE:0.11866, Train_MAE:0.07891,Test_MSE:1.87817, Test_RMSE:1.37046, Test_MAE:1.09460, Time:1:12:33 *
Epochs:2350, Train Loss:0.00925,Test Loss:1.89695, Train_MSE:0.00925, Train_RMSE:0.09620, Train_MAE:0.06468,Test_MSE:1.89695, Test_RMSE:1.37730, Test_MAE:1.10134, Time:1:14:37 *
Epochs:2400, Train Loss:0.00936,Test Loss:1.89169, Train_MSE:0.00936, Train_RMSE:0.09672, Train_MAE:0.06364,Test_MSE:1.89169, Test_RMSE:1.37539, Test_MAE:1.09991, Time:1:17:01
Epochs:2450, Train Loss:0.00793,Test Loss:1.81977, Train_MSE:0.00793, Train_RMSE:0.08905, Train_MAE:0.05733,Test_MSE:1.81977, Test_RMSE:1.34899, Test_MAE:1.07406, Time:1:18:46 *
Epochs:2500, Train Loss:0.00720,Test Loss:1.84147, Train_MSE:0.00720, Train_RMSE:0.08486, Train_MAE:0.05769,Test_MSE:1.84147, Test_RMSE:1.35701, Test_MAE:1.07860, Time:1:20:07 *
Epochs:2550, Train Loss:0.01427,Test Loss:1.74477, Train_MSE:0.01427, Train_RMSE:0.11945, Train_MAE:0.07998,Test_MSE:1.74477, Test_RMSE:1.32090, Test_MAE:1.04686, Time:1:21:59
Epochs:2600, Train Loss:0.00884,Test Loss:1.85018, Train_MSE:0.00884, Train_RMSE:0.09403, Train_MAE:0.06071,Test_MSE:1.85018, Test_RMSE:1.36021, Test_MAE:1.07433, Time:1:23:13
Epochs:2650, Train Loss:0.00644,Test Loss:1.84714, Train_MSE:0.00644, Train_RMSE:0.08025, Train_MAE:0.04844,Test_MSE:1.84714, Test_RMSE:1.35909, Test_MAE:1.07660, Time:1:24:28 *
Epochs:2700, Train Loss:0.00514,Test Loss:1.84032, Train_MSE:0.00514, Train_RMSE:0.07171, Train_MAE:0.04308,Test_MSE:1.84032, Test_RMSE:1.35658, Test_MAE:1.07682, Time:1:25:44 *
Epochs:2750, Train Loss:0.00768,Test Loss:1.81054, Train_MSE:0.00768, Train_RMSE:0.08765, Train_MAE:0.05281,Test_MSE:1.81054, Test_RMSE:1.34556, Test_MAE:1.06565, Time:1:27:06
Epochs:2800, Train Loss:0.00641,Test Loss:1.83170, Train_MSE:0.00641, Train_RMSE:0.08006, Train_MAE:0.04815,Test_MSE:1.83170, Test_RMSE:1.35340, Test_MAE:1.07564, Time:1:28:36
Epochs:2850, Train Loss:0.00475,Test Loss:1.83732, Train_MSE:0.00475, Train_RMSE:0.06890, Train_MAE:0.04061,Test_MSE:1.83732, Test_RMSE:1.35548, Test_MAE:1.07634, Time:1:30:32 *
Epochs:2900, Train Loss:0.04538,Test Loss:1.88642, Train_MSE:0.04538, Train_RMSE:0.21302, Train_MAE:0.15392,Test_MSE:1.88642, Test_RMSE:1.37347, Test_MAE:1.09589, Time:1:31:54
Epochs:2950, Train Loss:0.00821,Test Loss:1.89614, Train_MSE:0.00821, Train_RMSE:0.09060, Train_MAE:0.05883,Test_MSE:1.89614, Test_RMSE:1.37700, Test_MAE:1.10327, Time:1:33:17
****************************************************************************************************
==>加载已训练好的模型...